

Started GET "/" for 127.0.0.1 at 2012-07-23 16:58:11 -0700

LoadError (no such file to load -- xml/xslt):
  app/controllers/index_controller.rb:2:in `<top (required)>'


  Rendered /Users/abull/.rvm/gems/ruby-1.9.2-p136@resumatic/gems/actionpack-3.2.0/lib/action_dispatch/middleware/templates/rescues/_trace.erb (3.5ms)
  Rendered /Users/abull/.rvm/gems/ruby-1.9.2-p136@resumatic/gems/actionpack-3.2.0/lib/action_dispatch/middleware/templates/rescues/_request_and_response.erb (6.3ms)
  Rendered /Users/abull/.rvm/gems/ruby-1.9.2-p136@resumatic/gems/actionpack-3.2.0/lib/action_dispatch/middleware/templates/rescues/diagnostics.erb within rescues/layout (24.6ms)


Started GET "/" for 127.0.0.1 at 2012-07-23 16:59:41 -0700
Processing by IndexController#index as HTML
Completed 500 Internal Server Error in 1ms

NameError (uninitialized constant IndexController::RAILS_ROOT):
  app/controllers/index_controller.rb:8:in `index'


  Rendered /Users/abull/.rvm/gems/ruby-1.9.2-p136@resumatic/gems/actionpack-3.2.0/lib/action_dispatch/middleware/templates/rescues/_trace.erb (2.5ms)
  Rendered /Users/abull/.rvm/gems/ruby-1.9.2-p136@resumatic/gems/actionpack-3.2.0/lib/action_dispatch/middleware/templates/rescues/_request_and_response.erb (0.9ms)
  Rendered /Users/abull/.rvm/gems/ruby-1.9.2-p136@resumatic/gems/actionpack-3.2.0/lib/action_dispatch/middleware/templates/rescues/diagnostics.erb within rescues/layout (16.6ms)


Started GET "/" for 127.0.0.1 at 2012-07-23 17:01:14 -0700
Processing by IndexController#index as HTML
  Rendered inline template (11.6ms)
Completed 200 OK in 49ms (Views: 47.0ms | ActiveRecord: 0.0ms)


Started GET "/" for 127.0.0.1 at 2012-07-23 17:02:52 -0700
Processing by IndexController#index as HTML
  Rendered inline template (0.4ms)
Completed 200 OK in 2ms (Views: 0.9ms | ActiveRecord: 0.0ms)


Started GET "/" for 127.0.0.1 at 2012-07-23 17:02:54 -0700
Processing by IndexController#index as HTML
  Rendered inline template (0.5ms)
Completed 200 OK in 3ms (Views: 1.0ms | ActiveRecord: 0.0ms)


Started GET "/" for 127.0.0.1 at 2012-07-23 17:03:07 -0700
Processing by IndexController#index as HTML
  Rendered inline template (0.5ms)
Completed 200 OK in 2ms (Views: 1.0ms | ActiveRecord: 0.0ms)


Started GET "/" for 127.0.0.1 at 2012-07-23 17:05:51 -0700
Processing by IndexController#index as HTML
  Rendered inline template (11.2ms)
Completed 200 OK in 45ms (Views: 43.0ms | ActiveRecord: 0.0ms)


Started GET "/" for 127.0.0.1 at 2012-07-23 17:06:35 -0700
Processing by IndexController#index as HTML
  Rendered inline template (0.3ms)
Completed 200 OK in 2ms (Views: 0.7ms | ActiveRecord: 0.0ms)


Started GET "/" for 127.0.0.1 at 2012-07-23 17:06:37 -0700
Processing by IndexController#index as HTML
  Rendered inline template (0.4ms)
Completed 200 OK in 2ms (Views: 1.0ms | ActiveRecord: 0.0ms)


Started GET "/" for 127.0.0.1 at 2012-07-23 17:07:28 -0700
Processing by IndexController#index as HTML
  Rendered inline template (18.6ms)
Completed 500 Internal Server Error in 20ms

RuntimeError (A template needs to have a virtual path in order to be refreshed):
  app/controllers/index_controller.rb:9:in `index'


  Rendered /Users/abull/.rvm/gems/ruby-1.9.2-p136@resumatic/gems/actionpack-3.2.0/lib/action_dispatch/middleware/templates/rescues/_trace.erb (3.7ms)
  Rendered /Users/abull/.rvm/gems/ruby-1.9.2-p136@resumatic/gems/actionpack-3.2.0/lib/action_dispatch/middleware/templates/rescues/_request_and_response.erb (1.6ms)
  Rendered /Users/abull/.rvm/gems/ruby-1.9.2-p136@resumatic/gems/actionpack-3.2.0/lib/action_dispatch/middleware/templates/rescues/diagnostics.erb within rescues/layout (7.9ms)


Started GET "/" for 127.0.0.1 at 2012-07-23 17:07:47 -0700
Processing by IndexController#index as HTML
  Rendered inline template (0.3ms)
Completed 200 OK in 1ms (Views: 0.6ms | ActiveRecord: 0.0ms)


Started GET "/" for 127.0.0.1 at 2012-07-23 17:08:02 -0700
Processing by IndexController#index as HTML
  Rendered inline template (0.4ms)
Completed 200 OK in 2ms (Views: 0.9ms | ActiveRecord: 0.0ms)


Started GET "/" for 127.0.0.1 at 2012-07-23 17:08:20 -0700
Processing by IndexController#index as HTML
  Rendered inline template (0.3ms)
Completed 200 OK in 1ms (Views: 0.6ms | ActiveRecord: 0.0ms)


Started GET "/" for 127.0.0.1 at 2012-07-23 17:08:54 -0700
Processing by IndexController#index as HTML
  Rendered inline template (0.4ms)
Completed 200 OK in 2ms (Views: 0.9ms | ActiveRecord: 0.0ms)


Started GET "/" for 127.0.0.1 at 2012-07-23 17:10:05 -0700
Processing by IndexController#index as HTML
  Rendered inline template (0.4ms)
Completed 200 OK in 2ms (Views: 0.9ms | ActiveRecord: 0.0ms)


Started GET "/" for 127.0.0.1 at 2012-07-23 17:11:29 -0700
Processing by IndexController#index as HTML
  Rendered inline template (0.4ms)
Completed 200 OK in 2ms (Views: 0.9ms | ActiveRecord: 0.0ms)


Started GET "/" for 127.0.0.1 at 2012-07-23 17:11:52 -0700
Processing by IndexController#index as HTML
  Rendered inline template (0.4ms)
Completed 200 OK in 2ms (Views: 0.9ms | ActiveRecord: 0.0ms)


Started GET "/" for 127.0.0.1 at 2012-07-23 17:11:55 -0700
Processing by IndexController#index as HTML
  Rendered inline template (0.3ms)
Completed 200 OK in 1ms (Views: 0.8ms | ActiveRecord: 0.0ms)


Started GET "/" for 127.0.0.1 at 2012-07-23 17:12:19 -0700
Processing by IndexController#index as HTML
  Rendered inline template (0.4ms)
Completed 200 OK in 2ms (Views: 0.9ms | ActiveRecord: 0.0ms)


Started GET "/" for 127.0.0.1 at 2012-07-23 17:12:28 -0700
Processing by IndexController#index as HTML
  Rendered inline template (0.4ms)
Completed 200 OK in 2ms (Views: 1.0ms | ActiveRecord: 0.0ms)


Started GET "/" for 127.0.0.1 at 2012-07-23 17:13:35 -0700
Processing by IndexController#index as HTML
  Rendered inline template (0.4ms)
Completed 200 OK in 2ms (Views: 1.0ms | ActiveRecord: 0.0ms)


Started GET "/" for 127.0.0.1 at 2012-07-23 17:13:38 -0700
Processing by IndexController#index as HTML
  Rendered inline template (0.4ms)
Completed 200 OK in 2ms (Views: 1.0ms | ActiveRecord: 0.0ms)


Started GET "/" for 127.0.0.1 at 2012-07-23 17:13:40 -0700
Processing by IndexController#index as HTML
  Rendered inline template (0.4ms)
Completed 200 OK in 2ms (Views: 1.0ms | ActiveRecord: 0.0ms)


Started GET "/" for 127.0.0.1 at 2012-07-23 17:13:49 -0700
Processing by IndexController#index as HTML
  Rendered inline template (0.5ms)
Completed 200 OK in 3ms (Views: 1.2ms | ActiveRecord: 0.0ms)


Started GET "/" for 127.0.0.1 at 2012-07-23 17:13:55 -0700
Processing by IndexController#index as HTML
  Rendered inline template (0.5ms)
Completed 500 Internal Server Error in 2ms

RuntimeError (A template needs to have a virtual path in order to be refreshed):
  app/controllers/index_controller.rb:9:in `index'


  Rendered /Users/abull/.rvm/gems/ruby-1.9.2-p136@resumatic/gems/actionpack-3.2.0/lib/action_dispatch/middleware/templates/rescues/_trace.erb (5.7ms)
  Rendered /Users/abull/.rvm/gems/ruby-1.9.2-p136@resumatic/gems/actionpack-3.2.0/lib/action_dispatch/middleware/templates/rescues/_request_and_response.erb (1.5ms)
  Rendered /Users/abull/.rvm/gems/ruby-1.9.2-p136@resumatic/gems/actionpack-3.2.0/lib/action_dispatch/middleware/templates/rescues/diagnostics.erb within rescues/layout (10.5ms)


Started GET "/" for 127.0.0.1 at 2012-07-23 17:14:14 -0700
Processing by IndexController#index as HTML
  Rendered inline template (20.9ms)
Completed 500 Internal Server Error in 59ms

RuntimeError (A template needs to have a virtual path in order to be refreshed):
  app/controllers/index_controller.rb:9:in `index'


  Rendered /Users/abull/.rvm/gems/ruby-1.9.2-p136@resumatic/gems/actionpack-3.2.0/lib/action_dispatch/middleware/templates/rescues/_trace.erb (5.5ms)
  Rendered /Users/abull/.rvm/gems/ruby-1.9.2-p136@resumatic/gems/actionpack-3.2.0/lib/action_dispatch/middleware/templates/rescues/_request_and_response.erb (1.5ms)
  Rendered /Users/abull/.rvm/gems/ruby-1.9.2-p136@resumatic/gems/actionpack-3.2.0/lib/action_dispatch/middleware/templates/rescues/diagnostics.erb within rescues/layout (22.2ms)


Started GET "/" for 127.0.0.1 at 2012-07-23 17:14:20 -0700
Processing by IndexController#index as HTML
  Rendered inline template (0.5ms)
Completed 500 Internal Server Error in 2ms

RuntimeError (A template needs to have a virtual path in order to be refreshed):
  app/controllers/index_controller.rb:9:in `index'


  Rendered /Users/abull/.rvm/gems/ruby-1.9.2-p136@resumatic/gems/actionpack-3.2.0/lib/action_dispatch/middleware/templates/rescues/_trace.erb (3.2ms)
  Rendered /Users/abull/.rvm/gems/ruby-1.9.2-p136@resumatic/gems/actionpack-3.2.0/lib/action_dispatch/middleware/templates/rescues/_request_and_response.erb (1.3ms)
  Rendered /Users/abull/.rvm/gems/ruby-1.9.2-p136@resumatic/gems/actionpack-3.2.0/lib/action_dispatch/middleware/templates/rescues/diagnostics.erb within rescues/layout (6.7ms)


Started GET "/" for 127.0.0.1 at 2012-07-23 17:14:22 -0700
Processing by IndexController#index as HTML
  Rendered inline template (0.5ms)
Completed 500 Internal Server Error in 2ms

RuntimeError (A template needs to have a virtual path in order to be refreshed):
  app/controllers/index_controller.rb:9:in `index'


  Rendered /Users/abull/.rvm/gems/ruby-1.9.2-p136@resumatic/gems/actionpack-3.2.0/lib/action_dispatch/middleware/templates/rescues/_trace.erb (4.7ms)
  Rendered /Users/abull/.rvm/gems/ruby-1.9.2-p136@resumatic/gems/actionpack-3.2.0/lib/action_dispatch/middleware/templates/rescues/_request_and_response.erb (1.4ms)
  Rendered /Users/abull/.rvm/gems/ruby-1.9.2-p136@resumatic/gems/actionpack-3.2.0/lib/action_dispatch/middleware/templates/rescues/diagnostics.erb within rescues/layout (8.4ms)


Started GET "/" for 127.0.0.1 at 2012-07-23 17:15:40 -0700
Processing by IndexController#index as HTML
  Rendered inline template (12.3ms)
Completed 200 OK in 48ms (Views: 46.2ms | ActiveRecord: 0.0ms)


Started GET "/" for 127.0.0.1 at 2012-07-23 17:17:19 -0700
Processing by IndexController#index as HTML
  Rendered text template (0.0ms)
Completed 200 OK in 11ms (Views: 9.2ms | ActiveRecord: 0.0ms)


Started GET "/" for 127.0.0.1 at 2012-07-23 17:17:36 -0700
Processing by IndexController#index as HTML
Completed 200 OK in 2ms (Views: 0.1ms | ActiveRecord: 0.0ms)


Started GET "/" for 127.0.0.1 at 2012-07-23 17:17:38 -0700
Processing by IndexController#index as HTML
Completed 200 OK in 2ms (Views: 0.1ms | ActiveRecord: 0.0ms)


Started GET "/" for 127.0.0.1 at 2012-07-23 17:17:42 -0700
Processing by IndexController#index as HTML
  Rendered inline template (0.5ms)
Completed 200 OK in 3ms (Views: 1.6ms | ActiveRecord: 0.0ms)


Started GET "/" for 127.0.0.1 at 2012-07-23 17:20:30 -0700
Processing by IndexController#index as HTML
  Rendered inline template (0.5ms)
Completed 200 OK in 3ms (Views: 1.1ms | ActiveRecord: 0.0ms)


Started GET "/" for 127.0.0.1 at 2012-07-23 17:20:58 -0700
Processing by IndexController#index as HTML
Completed 500 Internal Server Error in 27ms

ActionView::MissingTemplate (Missing template index/index, application/index with {:locale=>[:en], :formats=>[:html], :handlers=>[:erb, :builder, :coffee]}. Searched in:
  * "/Users/abull/dev/resumatic/app/views"
):
  app/controllers/index_controller.rb:9:in `index'


  Rendered /Users/abull/.rvm/gems/ruby-1.9.2-p136@resumatic/gems/actionpack-3.2.0/lib/action_dispatch/middleware/templates/rescues/missing_template.erb within rescues/layout (0.7ms)


Started GET "/" for 127.0.0.1 at 2012-07-23 17:21:07 -0700
Processing by IndexController#index as HTML
  Rendered text template (0.0ms)
Completed 200 OK in 7ms (Views: 1.6ms | ActiveRecord: 0.0ms)


Started GET "/" for 127.0.0.1 at 2012-07-23 17:23:58 -0700
Processing by IndexController#index as HTML
Completed 200 OK in 2ms (Views: 0.1ms | ActiveRecord: 0.0ms)


Started GET "/" for 127.0.0.1 at 2012-07-23 17:25:02 -0700
Processing by IndexController#index as HTML
  Rendered inline template (0.5ms)
Completed 200 OK in 3ms (Views: 1.6ms | ActiveRecord: 0.0ms)


Started GET "/" for 127.0.0.1 at 2012-07-23 17:25:11 -0700
Processing by IndexController#index as HTML
  Rendered text template (0.0ms)
Completed 200 OK in 3ms (Views: 1.2ms | ActiveRecord: 0.0ms)


Started GET "/" for 127.0.0.1 at 2012-07-23 17:25:14 -0700
Processing by IndexController#index as HTML
Completed 500 Internal Server Error in 26ms

NameError (undefined local variable or method `type' for #<IndexController:0x007fd76bc9e0d8>):
  app/controllers/index_controller.rb:10:in `index'


  Rendered /Users/abull/.rvm/gems/ruby-1.9.2-p136@resumatic/gems/actionpack-3.2.0/lib/action_dispatch/middleware/templates/rescues/_trace.erb (4.1ms)
  Rendered /Users/abull/.rvm/gems/ruby-1.9.2-p136@resumatic/gems/actionpack-3.2.0/lib/action_dispatch/middleware/templates/rescues/_request_and_response.erb (1.5ms)
  Rendered /Users/abull/.rvm/gems/ruby-1.9.2-p136@resumatic/gems/actionpack-3.2.0/lib/action_dispatch/middleware/templates/rescues/diagnostics.erb within rescues/layout (8.9ms)


Started GET "/" for 127.0.0.1 at 2012-07-23 17:25:22 -0700
Processing by IndexController#index as HTML
  Rendered text template (0.0ms)
Completed 200 OK in 3ms (Views: 1.2ms | ActiveRecord: 0.0ms)


Started GET "/" for 127.0.0.1 at 2012-07-23 17:26:18 -0700
Processing by IndexController#index as HTML
  Rendered text template (0.0ms)
Completed 200 OK in 5ms (Views: 1.2ms | ActiveRecord: 0.0ms)


Started GET "/" for 127.0.0.1 at 2012-07-23 17:29:16 -0700
Processing by IndexController#index as HTML
  Rendered inline template (0.5ms)
Completed 200 OK in 3ms (Views: 1.6ms | ActiveRecord: 0.0ms)


Started GET "/" for 127.0.0.1 at 2012-07-23 17:29:39 -0700
Processing by IndexController#index as HTML
  Rendered inline template (10.7ms)
Completed 200 OK in 46ms (Views: 43.5ms | ActiveRecord: 0.0ms)


Started GET "/" for 127.0.0.1 at 2012-07-23 17:30:25 -0700
Processing by IndexController#index as HTML
  Rendered inline template (0.5ms)
Completed 200 OK in 3ms (Views: 1.1ms | ActiveRecord: 0.0ms)


Started GET "/" for 127.0.0.1 at 2012-07-23 17:31:04 -0700
Processing by IndexController#index as HTML
  Rendered inline template (0.3ms)
Completed 200 OK in 2ms (Views: 1.1ms | ActiveRecord: 0.0ms)


Started GET "/" for 127.0.0.1 at 2012-07-23 17:31:31 -0700
Processing by IndexController#index as HTML
  Rendered inline template (0.5ms)
Completed 200 OK in 3ms (Views: 1.0ms | ActiveRecord: 0.0ms)


Started GET "/" for 127.0.0.1 at 2012-07-23 17:32:39 -0700
Processing by IndexController#index as HTML
Completed 500 Internal Server Error in 0ms

NoMethodError (undefined method `[]=' for nil:NilClass):
  app/controllers/index_controller.rb:7:in `index'


  Rendered /Users/abull/.rvm/gems/ruby-1.9.2-p136@resumatic/gems/actionpack-3.2.0/lib/action_dispatch/middleware/templates/rescues/_trace.erb (2.7ms)
  Rendered /Users/abull/.rvm/gems/ruby-1.9.2-p136@resumatic/gems/actionpack-3.2.0/lib/action_dispatch/middleware/templates/rescues/_request_and_response.erb (0.9ms)
  Rendered /Users/abull/.rvm/gems/ruby-1.9.2-p136@resumatic/gems/actionpack-3.2.0/lib/action_dispatch/middleware/templates/rescues/diagnostics.erb within rescues/layout (6.2ms)


Started GET "/" for 127.0.0.1 at 2012-07-23 17:34:36 -0700
Processing by IndexController#index as HTML
  Rendered inline template (0.5ms)
Completed 200 OK in 3ms (Views: 1.6ms | ActiveRecord: 0.0ms)


Started GET "/stylesheets/base.css" for 127.0.0.1 at 2012-07-23 17:34:36 -0700

ActionController::RoutingError (No route matches [GET] "/stylesheets/base.css"):
  actionpack (3.2.0) lib/action_dispatch/middleware/debug_exceptions.rb:21:in `call'
  actionpack (3.2.0) lib/action_dispatch/middleware/show_exceptions.rb:56:in `call'
  railties (3.2.0) lib/rails/rack/logger.rb:26:in `call_app'
  railties (3.2.0) lib/rails/rack/logger.rb:16:in `call'
  actionpack (3.2.0) lib/action_dispatch/middleware/request_id.rb:22:in `call'
  rack (1.4.1) lib/rack/methodoverride.rb:21:in `call'
  rack (1.4.1) lib/rack/runtime.rb:17:in `call'
  activesupport (3.2.0) lib/active_support/cache/strategy/local_cache.rb:72:in `call'
  rack (1.4.1) lib/rack/lock.rb:15:in `call'
  actionpack (3.2.0) lib/action_dispatch/middleware/static.rb:53:in `call'
  railties (3.2.0) lib/rails/engine.rb:479:in `call'
  railties (3.2.0) lib/rails/application.rb:220:in `call'
  rack (1.4.1) lib/rack/content_length.rb:14:in `call'
  railties (3.2.0) lib/rails/rack/log_tailer.rb:14:in `call'
  rack (1.4.1) lib/rack/handler/webrick.rb:59:in `service'
  /Users/abull/.rvm/rubies/ruby-1.9.2-p136/lib/ruby/1.9.1/webrick/httpserver.rb:111:in `service'
  /Users/abull/.rvm/rubies/ruby-1.9.2-p136/lib/ruby/1.9.1/webrick/httpserver.rb:70:in `run'
  /Users/abull/.rvm/rubies/ruby-1.9.2-p136/lib/ruby/1.9.1/webrick/server.rb:183:in `block in start_thread'


  Rendered /Users/abull/.rvm/gems/ruby-1.9.2-p136@resumatic/gems/actionpack-3.2.0/lib/action_dispatch/middleware/templates/rescues/routing_error.erb within rescues/layout (0.8ms)


Started GET "/" for 127.0.0.1 at 2012-07-23 17:34:57 -0700
Processing by IndexController#index as HTML
  Rendered inline template (0.5ms)
Completed 200 OK in 4ms (Views: 1.7ms | ActiveRecord: 0.0ms)


Started GET "/stylesheets/base.css" for 127.0.0.1 at 2012-07-23 17:34:57 -0700

ActionController::RoutingError (No route matches [GET] "/stylesheets/base.css"):
  actionpack (3.2.0) lib/action_dispatch/middleware/debug_exceptions.rb:21:in `call'
  actionpack (3.2.0) lib/action_dispatch/middleware/show_exceptions.rb:56:in `call'
  railties (3.2.0) lib/rails/rack/logger.rb:26:in `call_app'
  railties (3.2.0) lib/rails/rack/logger.rb:16:in `call'
  actionpack (3.2.0) lib/action_dispatch/middleware/request_id.rb:22:in `call'
  rack (1.4.1) lib/rack/methodoverride.rb:21:in `call'
  rack (1.4.1) lib/rack/runtime.rb:17:in `call'
  activesupport (3.2.0) lib/active_support/cache/strategy/local_cache.rb:72:in `call'
  rack (1.4.1) lib/rack/lock.rb:15:in `call'
  actionpack (3.2.0) lib/action_dispatch/middleware/static.rb:53:in `call'
  railties (3.2.0) lib/rails/engine.rb:479:in `call'
  railties (3.2.0) lib/rails/application.rb:220:in `call'
  rack (1.4.1) lib/rack/content_length.rb:14:in `call'
  railties (3.2.0) lib/rails/rack/log_tailer.rb:14:in `call'
  rack (1.4.1) lib/rack/handler/webrick.rb:59:in `service'
  /Users/abull/.rvm/rubies/ruby-1.9.2-p136/lib/ruby/1.9.1/webrick/httpserver.rb:111:in `service'
  /Users/abull/.rvm/rubies/ruby-1.9.2-p136/lib/ruby/1.9.1/webrick/httpserver.rb:70:in `run'
  /Users/abull/.rvm/rubies/ruby-1.9.2-p136/lib/ruby/1.9.1/webrick/server.rb:183:in `block in start_thread'


  Rendered /Users/abull/.rvm/gems/ruby-1.9.2-p136@resumatic/gems/actionpack-3.2.0/lib/action_dispatch/middleware/templates/rescues/routing_error.erb within rescues/layout (0.9ms)


Started GET "/" for 127.0.0.1 at 2012-07-23 17:35:25 -0700
Processing by IndexController#index as HTML
  Rendered inline template (0.4ms)
Completed 200 OK in 2ms (Views: 1.0ms | ActiveRecord: 0.0ms)


Started GET "/" for 127.0.0.1 at 2012-07-23 17:36:26 -0700
Processing by IndexController#index as HTML
  Rendered inline template (0.5ms)
Completed 200 OK in 4ms (Views: 1.7ms | ActiveRecord: 0.0ms)


Started GET "/project/company_xyz" for 127.0.0.1 at 2012-07-23 17:36:29 -0700

ActionController::RoutingError (No route matches [GET] "/project/company_xyz"):
  actionpack (3.2.0) lib/action_dispatch/middleware/debug_exceptions.rb:21:in `call'
  actionpack (3.2.0) lib/action_dispatch/middleware/show_exceptions.rb:56:in `call'
  railties (3.2.0) lib/rails/rack/logger.rb:26:in `call_app'
  railties (3.2.0) lib/rails/rack/logger.rb:16:in `call'
  actionpack (3.2.0) lib/action_dispatch/middleware/request_id.rb:22:in `call'
  rack (1.4.1) lib/rack/methodoverride.rb:21:in `call'
  rack (1.4.1) lib/rack/runtime.rb:17:in `call'
  activesupport (3.2.0) lib/active_support/cache/strategy/local_cache.rb:72:in `call'
  rack (1.4.1) lib/rack/lock.rb:15:in `call'
  actionpack (3.2.0) lib/action_dispatch/middleware/static.rb:53:in `call'
  railties (3.2.0) lib/rails/engine.rb:479:in `call'
  railties (3.2.0) lib/rails/application.rb:220:in `call'
  rack (1.4.1) lib/rack/content_length.rb:14:in `call'
  railties (3.2.0) lib/rails/rack/log_tailer.rb:14:in `call'
  rack (1.4.1) lib/rack/handler/webrick.rb:59:in `service'
  /Users/abull/.rvm/rubies/ruby-1.9.2-p136/lib/ruby/1.9.1/webrick/httpserver.rb:111:in `service'
  /Users/abull/.rvm/rubies/ruby-1.9.2-p136/lib/ruby/1.9.1/webrick/httpserver.rb:70:in `run'
  /Users/abull/.rvm/rubies/ruby-1.9.2-p136/lib/ruby/1.9.1/webrick/server.rb:183:in `block in start_thread'


  Rendered /Users/abull/.rvm/gems/ruby-1.9.2-p136@resumatic/gems/actionpack-3.2.0/lib/action_dispatch/middleware/templates/rescues/routing_error.erb within rescues/layout (0.9ms)


Started GET "/project/company_xyz" for 127.0.0.1 at 2012-07-23 17:37:11 -0700

AbstractController::ActionNotFound (The action 'show' could not be found for ProjectController):
  actionpack (3.2.0) lib/abstract_controller/base.rb:116:in `process'
  actionpack (3.2.0) lib/abstract_controller/rendering.rb:45:in `process'
  actionpack (3.2.0) lib/action_controller/metal.rb:203:in `dispatch'
  actionpack (3.2.0) lib/action_controller/metal/rack_delegation.rb:14:in `dispatch'
  actionpack (3.2.0) lib/action_controller/metal.rb:246:in `block in action'
  actionpack (3.2.0) lib/action_dispatch/routing/route_set.rb:66:in `call'
  actionpack (3.2.0) lib/action_dispatch/routing/route_set.rb:66:in `dispatch'
  actionpack (3.2.0) lib/action_dispatch/routing/route_set.rb:30:in `call'
  journey (1.0.4) lib/journey/router.rb:68:in `block in call'
  journey (1.0.4) lib/journey/router.rb:56:in `each'
  journey (1.0.4) lib/journey/router.rb:56:in `call'
  actionpack (3.2.0) lib/action_dispatch/routing/route_set.rb:570:in `call'
  actionpack (3.2.0) lib/action_dispatch/middleware/best_standards_support.rb:17:in `call'
  rack (1.4.1) lib/rack/etag.rb:23:in `call'
  rack (1.4.1) lib/rack/conditionalget.rb:25:in `call'
  actionpack (3.2.0) lib/action_dispatch/middleware/head.rb:14:in `call'
  actionpack (3.2.0) lib/action_dispatch/middleware/params_parser.rb:21:in `call'
  actionpack (3.2.0) lib/action_dispatch/middleware/flash.rb:242:in `call'
  rack (1.4.1) lib/rack/session/abstract/id.rb:205:in `context'
  rack (1.4.1) lib/rack/session/abstract/id.rb:200:in `call'
  actionpack (3.2.0) lib/action_dispatch/middleware/cookies.rb:338:in `call'
  activerecord (3.2.0) lib/active_record/query_cache.rb:64:in `call'
  activerecord (3.2.0) lib/active_record/connection_adapters/abstract/connection_pool.rb:443:in `call'
  actionpack (3.2.0) lib/action_dispatch/middleware/callbacks.rb:28:in `block in call'
  activesupport (3.2.0) lib/active_support/callbacks.rb:405:in `_run__1683455154566152187__call__284536338673164958__callbacks'
  activesupport (3.2.0) lib/active_support/callbacks.rb:405:in `__run_callback'
  activesupport (3.2.0) lib/active_support/callbacks.rb:385:in `_run_call_callbacks'
  activesupport (3.2.0) lib/active_support/callbacks.rb:81:in `run_callbacks'
  actionpack (3.2.0) lib/action_dispatch/middleware/callbacks.rb:27:in `call'
  actionpack (3.2.0) lib/action_dispatch/middleware/reloader.rb:65:in `call'
  actionpack (3.2.0) lib/action_dispatch/middleware/remote_ip.rb:31:in `call'
  actionpack (3.2.0) lib/action_dispatch/middleware/debug_exceptions.rb:16:in `call'
  actionpack (3.2.0) lib/action_dispatch/middleware/show_exceptions.rb:56:in `call'
  railties (3.2.0) lib/rails/rack/logger.rb:26:in `call_app'
  railties (3.2.0) lib/rails/rack/logger.rb:16:in `call'
  actionpack (3.2.0) lib/action_dispatch/middleware/request_id.rb:22:in `call'
  rack (1.4.1) lib/rack/methodoverride.rb:21:in `call'
  rack (1.4.1) lib/rack/runtime.rb:17:in `call'
  activesupport (3.2.0) lib/active_support/cache/strategy/local_cache.rb:72:in `call'
  rack (1.4.1) lib/rack/lock.rb:15:in `call'
  actionpack (3.2.0) lib/action_dispatch/middleware/static.rb:53:in `call'
  railties (3.2.0) lib/rails/engine.rb:479:in `call'
  railties (3.2.0) lib/rails/application.rb:220:in `call'
  rack (1.4.1) lib/rack/content_length.rb:14:in `call'
  railties (3.2.0) lib/rails/rack/log_tailer.rb:14:in `call'
  rack (1.4.1) lib/rack/handler/webrick.rb:59:in `service'
  /Users/abull/.rvm/rubies/ruby-1.9.2-p136/lib/ruby/1.9.1/webrick/httpserver.rb:111:in `service'
  /Users/abull/.rvm/rubies/ruby-1.9.2-p136/lib/ruby/1.9.1/webrick/httpserver.rb:70:in `run'
  /Users/abull/.rvm/rubies/ruby-1.9.2-p136/lib/ruby/1.9.1/webrick/server.rb:183:in `block in start_thread'


  Rendered /Users/abull/.rvm/gems/ruby-1.9.2-p136@resumatic/gems/actionpack-3.2.0/lib/action_dispatch/middleware/templates/rescues/unknown_action.erb within rescues/layout (0.6ms)


Started GET "/project/company_xyz" for 127.0.0.1 at 2012-07-23 17:37:35 -0700
Processing by ProjectController#show as HTML
  Parameters: {"id"=>"company_xyz"}
  Rendered inline template (0.4ms)
Completed 200 OK in 5ms (Views: 1.6ms | ActiveRecord: 0.0ms)


Started GET "/" for 127.0.0.1 at 2012-07-23 18:28:11 -0700
Processing by IndexController#index as HTML
  Rendered inline template (12.6ms)
Completed 200 OK in 50ms (Views: 47.3ms | ActiveRecord: 0.0ms)
